Arguments: 
  /usr/local/bin/node /usr/bin/yarn add etherjs

PATH: 
  /usr/local/sbin:/usr/local/bin:/usr/bin:/opt/cuda/bin:/opt/intel/mediasdk/bin:/usr/lib/jvm/default/bin:/usr/bin/site_perl:/usr/bin/vendor_perl:/usr/bin/core_perl

Yarn version: 
  1.21.1

Node version: 
  10.16.0

Platform: 
  linux x64

Trace: 
  Error: https://registry.yarnpkg.com/etherjs: Not found
      at Request.params.callback [as _callback] (/usr/lib/node_modules/yarn/lib/cli.js:66947:18)
      at Request.self.callback (/usr/lib/node_modules/yarn/lib/cli.js:140665:22)
      at Request.emit (events.js:198:13)
      at Request.<anonymous> (/usr/lib/node_modules/yarn/lib/cli.js:141637:10)
      at Request.emit (events.js:198:13)
      at IncomingMessage.<anonymous> (/usr/lib/node_modules/yarn/lib/cli.js:141559:12)
      at Object.onceWrapper (events.js:286:20)
      at IncomingMessage.emit (events.js:203:15)
      at endReadableNT (_stream_readable.js:1129:12)
      at process._tickCallback (internal/process/next_tick.js:63:19)

npm manifest: 
  No manifest

yarn manifest: 
  No manifest

Lockfile: 
  No lockfile
